[debug] [2021-10-13T07:41:02.956Z] ----------------------------------------------------------------------
[debug] [2021-10-13T07:41:02.960Z] Command:       /home/ubuntu/.nvm/versions/node/v16.11.0/bin/node /home/ubuntu/.nvm/versions/node/v16.11.0/bin/firebase login
[debug] [2021-10-13T07:41:02.960Z] CLI Version:   9.20.0
[debug] [2021-10-13T07:41:02.960Z] Platform:      linux
[debug] [2021-10-13T07:41:02.960Z] Node Version:  v16.11.0
[debug] [2021-10-13T07:41:02.969Z] Time:          Wed Oct 13 2021 07:41:02 GMT+0000 (Coordinated Universal Time)
[debug] [2021-10-13T07:41:02.969Z] ----------------------------------------------------------------------
[debug] 
[debug] [2021-10-13T07:41:02.972Z] >>> [apiv2][query] GET https://firebase-public.firebaseio.com/cli.json [none]
[info] i  Firebase optionally collects CLI usage and error reporting information to help improve our products. Data is collected in accordance with Google's privacy policy (https://policies.google.com/privacy) and is not used to identify you.
 
[debug] [2021-10-13T07:41:03.249Z] <<< [apiv2][status] GET https://firebase-public.firebaseio.com/cli.json 200
[debug] [2021-10-13T07:41:03.249Z] <<< [apiv2][body] GET https://firebase-public.firebaseio.com/cli.json {"cloudBuildErrorAfter":1594252800000,"cloudBuildWarnAfter":1590019200000,"defaultNode10After":1594252800000,"minVersion":"3.0.5","node8DeploysDisabledAfter":1613390400000,"node8RuntimeDisabledAfter":1615809600000,"node8WarnAfter":1600128000000}
[info] i  To change your data collection preference at any time, run `firebase logout` and log in again. 
[info] 
[info] Visit this URL on this device to log in:
[info] https://accounts.google.com/o/oauth2/auth?client_id=563584335869-fgrhgmd47bqnekij5i8b5pr03ho849e6.apps.googleusercontent.com&scope=email%20openid%20https%3A%2F%2Fwww.googleapis.com%2Fauth%2Fcloudplatformprojects.readonly%20https%3A%2F%2Fwww.googleapis.com%2Fauth%2Ffirebase%20https%3A%2F%2Fwww.googleapis.com%2Fauth%2Fcloud-platform&response_type=code&state=12536684&redirect_uri=http%3A%2F%2Flocalhost%3A9005
[info] 
[info] Waiting for authentication...
[debug] [2021-10-13T07:44:22.898Z] ----------------------------------------------------------------------
[debug] [2021-10-13T07:44:22.901Z] Command:       /home/ubuntu/.nvm/versions/node/v16.11.0/bin/node /home/ubuntu/.nvm/versions/node/v16.11.0/bin/firebase login:ci
[debug] [2021-10-13T07:44:22.902Z] CLI Version:   9.20.0
[debug] [2021-10-13T07:44:22.903Z] Platform:      linux
[debug] [2021-10-13T07:44:22.903Z] Node Version:  v16.11.0
[debug] [2021-10-13T07:44:22.925Z] Time:          Wed Oct 13 2021 07:44:22 GMT+0000 (Coordinated Universal Time)
[debug] [2021-10-13T07:44:22.925Z] ----------------------------------------------------------------------
[debug] 
[info] 
[info] Visit this URL on this device to log in:
[info] https://accounts.google.com/o/oauth2/auth?client_id=563584335869-fgrhgmd47bqnekij5i8b5pr03ho849e6.apps.googleusercontent.com&scope=email%20openid%20https%3A%2F%2Fwww.googleapis.com%2Fauth%2Fcloudplatformprojects.readonly%20https%3A%2F%2Fwww.googleapis.com%2Fauth%2Ffirebase%20https%3A%2F%2Fwww.googleapis.com%2Fauth%2Fcloud-platform&response_type=code&state=525622031&redirect_uri=http%3A%2F%2Flocalhost%3A9005
[info] 
[info] Waiting for authentication...
[debug] [2021-10-13T07:46:14.331Z] ----------------------------------------------------------------------
[debug] [2021-10-13T07:46:14.335Z] Command:       /home/ubuntu/.nvm/versions/node/v16.11.0/bin/node /home/ubuntu/.nvm/versions/node/v16.11.0/bin/firebase login
[debug] [2021-10-13T07:46:14.336Z] CLI Version:   9.20.0
[debug] [2021-10-13T07:46:14.336Z] Platform:      linux
[debug] [2021-10-13T07:46:14.336Z] Node Version:  v16.11.0
[debug] [2021-10-13T07:46:14.359Z] Time:          Wed Oct 13 2021 07:46:14 GMT+0000 (Coordinated Universal Time)
[debug] [2021-10-13T07:46:14.360Z] ----------------------------------------------------------------------
[debug] 
[info] i  Firebase optionally collects CLI usage and error reporting information to help improve our products. Data is collected in accordance with Google's privacy policy (https://policies.google.com/privacy) and is not used to identify you.
 
[info] i  To change your data collection preference at any time, run `firebase logout` and log in again. 
[info] 
[info] Visit this URL on this device to log in:
[info] https://accounts.google.com/o/oauth2/auth?client_id=563584335869-fgrhgmd47bqnekij5i8b5pr03ho849e6.apps.googleusercontent.com&scope=email%20openid%20https%3A%2F%2Fwww.googleapis.com%2Fauth%2Fcloudplatformprojects.readonly%20https%3A%2F%2Fwww.googleapis.com%2Fauth%2Ffirebase%20https%3A%2F%2Fwww.googleapis.com%2Fauth%2Fcloud-platform&response_type=code&state=143732545&redirect_uri=http%3A%2F%2Flocalhost%3A9005
[info] 
[info] Waiting for authentication...
[debug] [2021-10-13T07:47:55.926Z] ----------------------------------------------------------------------
[debug] [2021-10-13T07:47:55.930Z] Command:       /home/ubuntu/.nvm/versions/node/v16.11.0/bin/node /home/ubuntu/.nvm/versions/node/v16.11.0/bin/firebase login --token 
[debug] [2021-10-13T07:47:55.931Z] CLI Version:   9.20.0
[debug] [2021-10-13T07:47:55.931Z] Platform:      linux
[debug] [2021-10-13T07:47:55.931Z] Node Version:  v16.11.0
[debug] [2021-10-13T07:47:55.951Z] Time:          Wed Oct 13 2021 07:47:55 GMT+0000 (Coordinated Universal Time)
[debug] [2021-10-13T07:47:55.952Z] ----------------------------------------------------------------------
[debug] 
[info] i  Firebase optionally collects CLI usage and error reporting information to help improve our products. Data is collected in accordance with Google's privacy policy (https://policies.google.com/privacy) and is not used to identify you.
 
[info] i  To change your data collection preference at any time, run `firebase logout` and log in again. 
[info] 
[info] Visit this URL on this device to log in:
[info] https://accounts.google.com/o/oauth2/auth?client_id=563584335869-fgrhgmd47bqnekij5i8b5pr03ho849e6.apps.googleusercontent.com&scope=email%20openid%20https%3A%2F%2Fwww.googleapis.com%2Fauth%2Fcloudplatformprojects.readonly%20https%3A%2F%2Fwww.googleapis.com%2Fauth%2Ffirebase%20https%3A%2F%2Fwww.googleapis.com%2Fauth%2Fcloud-platform&response_type=code&state=1035114608&redirect_uri=http%3A%2F%2Flocalhost%3A9005
[info] 
[info] Waiting for authentication...
[debug] [2021-10-13T07:52:25.716Z] ----------------------------------------------------------------------
[debug] [2021-10-13T07:52:25.720Z] Command:       /home/ubuntu/.nvm/versions/node/v16.11.0/bin/node /home/ubuntu/.nvm/versions/node/v16.11.0/bin/firebase login
[debug] [2021-10-13T07:52:25.722Z] CLI Version:   9.20.0
[debug] [2021-10-13T07:52:25.722Z] Platform:      linux
[debug] [2021-10-13T07:52:25.722Z] Node Version:  v16.11.0
[debug] [2021-10-13T07:52:25.747Z] Time:          Wed Oct 13 2021 07:52:25 GMT+0000 (Coordinated Universal Time)
[debug] [2021-10-13T07:52:25.748Z] ----------------------------------------------------------------------
[debug] 
[info] i  Firebase optionally collects CLI usage and error reporting information to help improve our products. Data is collected in accordance with Google's privacy policy (https://policies.google.com/privacy) and is not used to identify you.
 
[info] i  To change your data collection preference at any time, run `firebase logout` and log in again. 
[info] 
[info] Visit this URL on this device to log in:
[info] https://accounts.google.com/o/oauth2/auth?client_id=563584335869-fgrhgmd47bqnekij5i8b5pr03ho849e6.apps.googleusercontent.com&scope=email%20openid%20https%3A%2F%2Fwww.googleapis.com%2Fauth%2Fcloudplatformprojects.readonly%20https%3A%2F%2Fwww.googleapis.com%2Fauth%2Ffirebase%20https%3A%2F%2Fwww.googleapis.com%2Fauth%2Fcloud-platform&response_type=code&state=880415667&redirect_uri=http%3A%2F%2Flocalhost%3A9005
[info] 
[info] Waiting for authentication...
